[2025-07-19 11:53:15] INFO: AeroDesk Pro starting up...
[2025-07-19 11:53:15] INFO: Login screen displayed successfully
[2025-07-19 11:53:24] INFO: User staff1 logged in successfully as STAFF
[2025-07-19 11:53:25] DEBUG: Database connection established successfully
[2025-07-19 11:53:25] INFO: Retrieved 4 flights from database
[2025-07-19 11:53:26] INFO: Loaded 4 flights
[2025-07-19 11:53:29] DEBUG: Database connection established successfully
[2025-07-19 11:53:29] INFO: Retrieved 4 flights from database
[2025-07-19 11:53:30] DEBUG: Database connection established successfully
[2025-07-19 11:53:30] INFO: Retrieved 4 flights from database
[2025-07-19 11:53:31] DEBUG: Database connection established successfully
[2025-07-19 11:53:31] INFO: Retrieved 4 flights from database
[2025-07-19 11:53:31] DEBUG: Database connection established successfully
[2025-07-19 11:53:31] INFO: Retrieved 4 flights from database
[2025-07-19 11:53:35] DEBUG: Database connection established successfully
[2025-07-19 11:53:35] INFO: Retrieved 8 gates from database
[2025-07-19 11:53:35] INFO: Loaded 8 gates
[2025-07-19 11:53:35] DEBUG: Database connection established successfully
[2025-07-19 11:53:35] INFO: Retrieved 0 gate assignments from database
[2025-07-19 11:53:35] INFO: Loaded 0 gate assignments
[2025-07-19 11:53:46] DEBUG: Database connection established successfully
[2025-07-19 11:53:46] INFO: Retrieved 4 flights from database
[2025-07-19 11:53:46] DEBUG: Database connection established successfully
[2025-07-19 11:53:46] INFO: Retrieved 4 bookings from database
[2025-07-19 11:53:46] DEBUG: Database connection established successfully
[2025-07-19 11:53:46] INFO: Retrieved flight: AA101
[2025-07-19 11:53:46] DEBUG: Database connection established successfully
[2025-07-19 11:53:46] INFO: Retrieved flight: AA101
[2025-07-19 11:53:46] DEBUG: Database connection established successfully
[2025-07-19 11:53:46] INFO: Retrieved flight: UA202
[2025-07-19 11:53:46] DEBUG: Database connection established successfully
[2025-07-19 11:53:46] INFO: Retrieved flight: DL303
[2025-07-19 11:53:46] DEBUG: Database connection established successfully
[2025-07-19 11:53:46] INFO: Retrieved 4 baggage items from database
[2025-07-19 11:53:46] DEBUG: Database connection established successfully
[2025-07-19 11:53:46] INFO: Retrieved booking: BK001
[2025-07-19 11:53:46] DEBUG: Database connection established successfully
[2025-07-19 11:53:46] INFO: Retrieved booking: BK002
[2025-07-19 11:53:46] DEBUG: Database connection established successfully
[2025-07-19 11:53:46] INFO: Retrieved booking: BK003
[2025-07-19 11:53:46] DEBUG: Database connection established successfully
[2025-07-19 11:53:46] INFO: Retrieved booking: BK004
[2025-07-19 11:53:46] DEBUG: Database connection established successfully
[2025-07-19 11:53:46] INFO: Retrieved 0 gate assignments from database
[2025-07-19 11:53:46] DEBUG: Database connection established successfully
[2025-07-19 11:53:46] INFO: Retrieved 4 flights from database
[2025-07-19 11:53:46] DEBUG: Database connection established successfully
[2025-07-19 11:53:46] INFO: Retrieved 4 bookings from database
[2025-07-19 11:53:46] DEBUG: Database connection established successfully
[2025-07-19 11:53:46] INFO: Retrieved 4 baggage items from database
[2025-07-19 11:53:46] DEBUG: Database connection established successfully
[2025-07-19 11:53:46] INFO: Retrieved 0 gate assignments from database
[2025-07-19 11:54:57] INFO: AeroDesk Pro starting up...
[2025-07-19 11:54:57] INFO: Login screen displayed successfully
[2025-07-19 11:55:06] INFO: User staff1 logged in successfully as STAFF
[2025-07-19 12:15:16] INFO: AeroDesk Pro starting up...
[2025-07-19 12:15:16] INFO: Login screen displayed successfully
[2025-07-19 12:15:24] DEBUG: Database connection established successfully
[2025-07-19 12:15:24] ERROR: Authentication error: Column 'id' not found.
[2025-07-19 12:15:24] ERROR: Database authentication error: Authentication failed
[2025-07-19 12:15:30] WARNING: Failed login attempt for user: staff1
[2025-07-19 12:16:05] INFO: AeroDesk Pro starting up...
[2025-07-19 12:16:05] INFO: Login screen displayed successfully
[2025-07-19 12:16:13] DEBUG: Database connection established successfully
[2025-07-19 12:16:13] ERROR: Authentication error: Column 'id' not found.
[2025-07-19 12:16:13] ERROR: Database authentication error: Authentication failed
[2025-07-19 12:16:14] WARNING: Failed login attempt for user: staff1
[2025-07-19 12:18:12] INFO: AeroDesk Pro starting up...
[2025-07-19 12:18:12] INFO: Login screen displayed successfully
[2025-07-19 12:18:25] ERROR: Failed to establish database connection: Public Key Retrieval is not allowed
[2025-07-19 12:18:25] ERROR: Authentication error: Public Key Retrieval is not allowed
[2025-07-19 12:18:25] ERROR: Database authentication error: Authentication failed
[2025-07-19 12:18:27] WARNING: Failed login attempt for user: staff1
[2025-07-19 12:19:48] DEBUG: Database connection established successfully
[2025-07-19 12:19:48] INFO: Database connection test successful
[2025-07-19 12:19:48] DEBUG: Database connection established successfully
[2025-07-19 12:19:48] INFO: User authenticated successfully: admin
[2025-07-19 12:19:48] DEBUG: Database connection established successfully
[2025-07-19 12:19:48] INFO: User authenticated successfully: staff1
[2025-07-19 12:19:48] DEBUG: Database connection established successfully
[2025-07-19 12:19:48] INFO: Retrieved 3 active users from database
[2025-07-19 12:20:31] INFO: AeroDesk Pro starting up...
[2025-07-19 12:20:31] INFO: Login screen displayed successfully
[2025-07-19 12:20:44] DEBUG: Database connection established successfully
[2025-07-19 12:20:44] INFO: User authenticated successfully: staff1
[2025-07-19 12:20:44] INFO: User staff1 logged in successfully as STAFF
